AndroidPlatformFactory.RegisterBuildPlatforms: UnrealBuildTool.AndroidPlatformSDK using manually installed SDK -23
IOSPlatformFactory.RegisterBuildPlatforms: UnrealBuildTool.IOSPlatformSDK using manually installed SDK
LinuxPlatformFactory.RegisterBuildPlatforms: UnrealBuildTool.LinuxPlatformSDK has no valid SDK
WindowsPlatformFactory.RegisterBuildPlatforms: UnrealBuildTool.WindowsPlatformSDK using manually installed SDK
ProjectFileGenerator.GenerateProjectFiles: Discovering modules, targets and source code for project...
WindowsPlatform.GetDefaultCompiler: WARNING: No Visual C++ installation was found. Please download and install Visual Studio 2017 with C++ components.
UnrealBuildTool.Main: ERROR: Visual Studio 2019 must be installed in order to build this target.
UnrealBuildTool.Main: BuildException: Visual Studio 2019 must be installed in order to build this target.
UnrealBuildTool.Main:    at UnrealBuildTool.VCEnvironment.Create(WindowsCompiler Compiler, UnrealTargetPlatform Platform, WindowsArchitecture Architecture, String CompilerVersion, String WindowsSdkVersion, String SuppliedSdkDirectoryForVersion) in D:\Build\++UE4\Sync\Engine\Source\Programs\UnrealBuildTool\Platform\Windows\VCEnvironment.cs:line 510
UnrealBuildTool.Main:    at UnrealBuildTool.WindowsPlatform.CreateVCEnvironment(TargetRules Target) in D:\Build\++UE4\Sync\Engine\Source\Programs\UnrealBuildTool\Platform\Windows\UEBuildWindows.cs:line 770
UnrealBuildTool.Main:    at UnrealBuildTool.WindowsPlatform.ValidateTarget(TargetRules Target) in D:\Build\++UE4\Sync\Engine\Source\Programs\UnrealBuildTool\Platform\Windows\UEBuildWindows.cs:line 852
UnrealBuildTool.Main:    at UnrealBuildTool.RulesAssembly.CreateTargetRulesInstance(String TypeName, TargetInfo TargetInfo) in D:\Build\++UE4\Sync\Engine\Source\Programs\UnrealBuildTool\System\RulesAssembly.cs:line 599
UnrealBuildTool.Main:    at UnrealBuildTool.RulesAssembly.CreateTargetRules(String TargetName, UnrealTargetPlatform Platform, UnrealTargetConfiguration Configuration, String Architecture, FileReference ProjectFile, CommandLineArguments Arguments) in D:\Build\++UE4\Sync\Engine\Source\Programs\UnrealBuildTool\System\RulesAssembly.cs:line 659
UnrealBuildTool.Main:    at UnrealBuildTool.ProjectFileGenerator.AddProjectsForAllTargets(PlatformProjectGeneratorCollection PlatformProjectGenerators, List`1 AllGames, List`1 AllTargetFiles, String[] Arguments, ProjectFile& EngineProject, ProjectFile& EnterpriseProject, List`1& GameProjects, Dictionary`2& ProgramProjects) in D:\Build\++UE4\Sync\Engine\Source\Programs\UnrealBuildTool\ProjectFiles\ProjectFileGenerator.cs:line 2318
UnrealBuildTool.Main:    at UnrealBuildTool.ProjectFileGenerator.GenerateProjectFiles(PlatformProjectGeneratorCollection PlatformProjectGenerators, String[] Arguments) in D:\Build\++UE4\Sync\Engine\Source\Programs\UnrealBuildTool\ProjectFiles\ProjectFileGenerator.cs:line 753
UnrealBuildTool.Main:    at UnrealBuildTool.GenerateProjectFilesMode.Execute(CommandLineArguments Arguments) in D:\Build\++UE4\Sync\Engine\Source\Programs\UnrealBuildTool\Modes\GenerateProjectFilesMode.cs:line 204
UnrealBuildTool.Main:    at UnrealBuildTool.UnrealBuildTool.Main(String[] ArgumentsArray) in D:\Build\++UE4\Sync\Engine\Source\Programs\UnrealBuildTool\UnrealBuildTool.cs:line 550
Timeline.Print: Timeline:
Timeline.Print: 
Timeline.Print: [ 0.000]
Timeline.Print: [ 0.000](+0.039) <unknown>
Timeline.Print: [ 0.039](+0.134) XmlConfig.ReadConfigFiles()
Timeline.Print: [ 0.174](+0.000) SingleInstanceMutex.Acquire()
Timeline.Print: [ 0.174](+0.071) UEBuildPlatform.RegisterPlatforms()
Timeline.Print:   0.175          [ 0.000](+0.038) Initializing InstalledPlatformInfo
Timeline.Print:   0.214          [ 0.039](+0.000) Querying types
Timeline.Print:   0.215          [ 0.041](+0.001) MacPlatformFactory
Timeline.Print:   0.217          [ 0.042](+0.000) TVOSPlatformFactory
Timeline.Print:   0.217          [ 0.043](+0.018) AndroidPlatformFactory
Timeline.Print:   0.236          [ 0.062](+0.000) HoloLensPlatformFactory
Timeline.Print:   0.237          [ 0.062](+0.002) IOSPlatformFactory
Timeline.Print:   0.239          [ 0.064](+0.005) LinuxPlatformFactory
Timeline.Print:   0.244          [ 0.070](+0.000) LuminPlatformFactory
Timeline.Print:   0.244          [ 0.070](+0.000) WindowsPlatformFactory
Timeline.Print: [ 0.245](+0.751) <unknown>
Timeline.Print: [ 0.997](+0.002) Finding engine modules
Timeline.Print: [ 0.999](+0.003) Finding plugin modules
Timeline.Print: [ 1.002](+0.068) <unknown>
Timeline.Print: [ 1.071](+0.000) Finding program modules
Timeline.Print: [ 1.071](+0.000) Finding program targets
Timeline.Print: [ 1.071](+0.063) <unknown>
Timeline.Print: [ 1.135](+0.000) FileMetadataPrefetch.Stop()
Timeline.Print: [ 1.138]
